INFO:root:Mode: stn
INFO:root:========= Testing: epoch[0/200] loss:2.2867 acc:0.1197
INFO:root:========= Testing: epoch[1/200] loss:2.2282 acc:0.2089
INFO:root:========= Testing: epoch[2/200] loss:2.1320 acc:0.2464
INFO:root:========= Testing: epoch[3/200] loss:2.0565 acc:0.2456
INFO:root:========= Testing: epoch[4/200] loss:1.9619 acc:0.3187
INFO:root:========= Testing: epoch[5/200] loss:1.6597 acc:0.4532
INFO:root:========= Testing: epoch[6/200] loss:1.4500 acc:0.5110
INFO:root:========= Testing: epoch[7/200] loss:1.1460 acc:0.6396
INFO:root:========= Testing: epoch[8/200] loss:1.0880 acc:0.6426
INFO:root:========= Testing: epoch[9/200] loss:0.9124 acc:0.7396
INFO:root:========= Testing: epoch[10/200] loss:0.7187 acc:0.7907
INFO:root:========= Testing: epoch[11/200] loss:0.6527 acc:0.8045
INFO:root:========= Testing: epoch[12/200] loss:0.5917 acc:0.8252
INFO:root:========= Testing: epoch[13/200] loss:0.5524 acc:0.8408
INFO:root:========= Testing: epoch[14/200] loss:0.4913 acc:0.8600
INFO:root:========= Testing: epoch[15/200] loss:0.4172 acc:0.8810
INFO:root:========= Testing: epoch[16/200] loss:0.4181 acc:0.8749
INFO:root:========= Testing: epoch[17/200] loss:0.3774 acc:0.8859
INFO:root:========= Testing: epoch[18/200] loss:0.3751 acc:0.8953
INFO:root:========= Testing: epoch[19/200] loss:0.3408 acc:0.9084
INFO:root:========= Testing: epoch[20/200] loss:0.3210 acc:0.9049
INFO:root:========= Testing: epoch[21/200] loss:0.3008 acc:0.9187
INFO:root:========= Testing: epoch[22/200] loss:0.2890 acc:0.9140
INFO:root:========= Testing: epoch[23/200] loss:0.2901 acc:0.9120
INFO:root:========= Testing: epoch[24/200] loss:0.2679 acc:0.9240
INFO:root:========= Testing: epoch[25/200] loss:0.2844 acc:0.9187
INFO:root:========= Testing: epoch[26/200] loss:0.2563 acc:0.9237
INFO:root:========= Testing: epoch[27/200] loss:0.2472 acc:0.9218
INFO:root:========= Testing: epoch[28/200] loss:0.2417 acc:0.9282
INFO:root:========= Testing: epoch[29/200] loss:0.2484 acc:0.9243
INFO:root:========= Testing: epoch[30/200] loss:0.2332 acc:0.9287
INFO:root:========= Testing: epoch[31/200] loss:0.2283 acc:0.9253
INFO:root:========= Testing: epoch[32/200] loss:0.2216 acc:0.9351
INFO:root:========= Testing: epoch[33/200] loss:0.2042 acc:0.9333
INFO:root:========= Testing: epoch[34/200] loss:0.2137 acc:0.9336
INFO:root:========= Testing: epoch[35/200] loss:0.2192 acc:0.9334
INFO:root:========= Testing: epoch[36/200] loss:0.1969 acc:0.9419
INFO:root:========= Testing: epoch[37/200] loss:0.2016 acc:0.9395
INFO:root:========= Testing: epoch[38/200] loss:0.2046 acc:0.9307
INFO:root:========= Testing: epoch[39/200] loss:0.1917 acc:0.9382
INFO:root:========= Testing: epoch[40/200] loss:0.1905 acc:0.9370
INFO:root:========= Testing: epoch[41/200] loss:0.1797 acc:0.9446
INFO:root:========= Testing: epoch[42/200] loss:0.1898 acc:0.9393
INFO:root:========= Testing: epoch[43/200] loss:0.1862 acc:0.9434
INFO:root:========= Testing: epoch[44/200] loss:0.1787 acc:0.9417
INFO:root:========= Testing: epoch[45/200] loss:0.1536 acc:0.9502
INFO:root:========= Testing: epoch[46/200] loss:0.1692 acc:0.9479
INFO:root:========= Testing: epoch[47/200] loss:0.1618 acc:0.9466
INFO:root:========= Testing: epoch[48/200] loss:0.1751 acc:0.9446
INFO:root:========= Testing: epoch[49/200] loss:0.1803 acc:0.9417
INFO:root:========= Testing: epoch[50/200] loss:0.1796 acc:0.9482
INFO:root:========= Testing: epoch[51/200] loss:0.1628 acc:0.9492
INFO:root:========= Testing: epoch[52/200] loss:0.1612 acc:0.9483
INFO:root:========= Testing: epoch[53/200] loss:0.1770 acc:0.9469
INFO:root:========= Testing: epoch[54/200] loss:0.1659 acc:0.9471
INFO:root:========= Testing: epoch[55/200] loss:0.1607 acc:0.9498
INFO:root:========= Testing: epoch[56/200] loss:0.1600 acc:0.9486
INFO:root:========= Testing: epoch[57/200] loss:0.1623 acc:0.9500
INFO:root:========= Testing: epoch[58/200] loss:0.1700 acc:0.9499
INFO:root:========= Testing: epoch[59/200] loss:0.1676 acc:0.9482
INFO:root:========= Testing: epoch[60/200] loss:0.1754 acc:0.9485
INFO:root:========= Testing: epoch[61/200] loss:0.1852 acc:0.9451
INFO:root:========= Testing: epoch[62/200] loss:0.1536 acc:0.9431
INFO:root:========= Testing: epoch[63/200] loss:0.1680 acc:0.9524
INFO:root:========= Testing: epoch[64/200] loss:0.1541 acc:0.9537
INFO:root:========= Testing: epoch[65/200] loss:0.1603 acc:0.9487
INFO:root:========= Testing: epoch[66/200] loss:0.1448 acc:0.9556
INFO:root:========= Testing: epoch[67/200] loss:0.1482 acc:0.9522
INFO:root:========= Testing: epoch[68/200] loss:0.1536 acc:0.9562
INFO:root:========= Testing: epoch[69/200] loss:0.1473 acc:0.9522
INFO:root:========= Testing: epoch[70/200] loss:0.1504 acc:0.9495
INFO:root:========= Testing: epoch[71/200] loss:0.1614 acc:0.9505
INFO:root:========= Testing: epoch[72/200] loss:0.1721 acc:0.9482
INFO:root:========= Testing: epoch[73/200] loss:0.1596 acc:0.9552
INFO:root:========= Testing: epoch[74/200] loss:0.1449 acc:0.9549
INFO:root:========= Testing: epoch[75/200] loss:0.1482 acc:0.9566
INFO:root:========= Testing: epoch[76/200] loss:0.1768 acc:0.9475
INFO:root:========= Testing: epoch[77/200] loss:0.1480 acc:0.9610
INFO:root:========= Testing: epoch[78/200] loss:0.1435 acc:0.9571
INFO:root:========= Testing: epoch[79/200] loss:0.1502 acc:0.9537
INFO:root:========= Testing: epoch[80/200] loss:0.1448 acc:0.9596
INFO:root:========= Testing: epoch[81/200] loss:0.1547 acc:0.9498
INFO:root:========= Testing: epoch[82/200] loss:0.1372 acc:0.9605
INFO:root:========= Testing: epoch[83/200] loss:0.1447 acc:0.9603
INFO:root:========= Testing: epoch[84/200] loss:0.1471 acc:0.9573
INFO:root:========= Testing: epoch[85/200] loss:0.1530 acc:0.9520
INFO:root:========= Testing: epoch[86/200] loss:0.1330 acc:0.9569
INFO:root:========= Testing: epoch[87/200] loss:0.1527 acc:0.9539
INFO:root:========= Testing: epoch[88/200] loss:0.1343 acc:0.9571
INFO:root:========= Testing: epoch[89/200] loss:0.1664 acc:0.9519
INFO:root:========= Testing: epoch[90/200] loss:0.1414 acc:0.9598
INFO:root:========= Testing: epoch[91/200] loss:0.1426 acc:0.9583
INFO:root:========= Testing: epoch[92/200] loss:0.1504 acc:0.9537
INFO:root:========= Testing: epoch[93/200] loss:0.1413 acc:0.9576
INFO:root:========= Testing: epoch[94/200] loss:0.1454 acc:0.9598
INFO:root:========= Testing: epoch[95/200] loss:0.1439 acc:0.9537
INFO:root:========= Testing: epoch[96/200] loss:0.1399 acc:0.9532
INFO:root:========= Testing: epoch[97/200] loss:0.1377 acc:0.9593
INFO:root:========= Testing: epoch[98/200] loss:0.1382 acc:0.9605
INFO:root:========= Testing: epoch[99/200] loss:0.1500 acc:0.9552
INFO:root:========= Testing: epoch[100/200] loss:0.1553 acc:0.9559
INFO:root:========= Testing: epoch[101/200] loss:0.1449 acc:0.9578
INFO:root:========= Testing: epoch[102/200] loss:0.1378 acc:0.9597
INFO:root:========= Testing: epoch[103/200] loss:0.1433 acc:0.9552
INFO:root:========= Testing: epoch[104/200] loss:0.1315 acc:0.9592
INFO:root:========= Testing: epoch[105/200] loss:0.1464 acc:0.9560
INFO:root:========= Testing: epoch[106/200] loss:0.1438 acc:0.9571
INFO:root:========= Testing: epoch[107/200] loss:0.1519 acc:0.9588
INFO:root:========= Testing: epoch[108/200] loss:0.1592 acc:0.9562
INFO:root:========= Testing: epoch[109/200] loss:0.1568 acc:0.9562
INFO:root:========= Testing: epoch[110/200] loss:0.1488 acc:0.9604
INFO:root:========= Testing: epoch[111/200] loss:0.1391 acc:0.9560
INFO:root:========= Testing: epoch[112/200] loss:0.1322 acc:0.9633
INFO:root:========= Testing: epoch[113/200] loss:0.1538 acc:0.9559
INFO:root:========= Testing: epoch[114/200] loss:0.1520 acc:0.9540
INFO:root:========= Testing: epoch[115/200] loss:0.1403 acc:0.9621
INFO:root:========= Testing: epoch[116/200] loss:0.1387 acc:0.9636
INFO:root:========= Testing: epoch[117/200] loss:0.1338 acc:0.9619
INFO:root:========= Testing: epoch[118/200] loss:0.1452 acc:0.9626
INFO:root:========= Testing: epoch[119/200] loss:0.1482 acc:0.9576
INFO:root:========= Testing: epoch[120/200] loss:0.1420 acc:0.9620
INFO:root:========= Testing: epoch[121/200] loss:0.1655 acc:0.9573
INFO:root:========= Testing: epoch[122/200] loss:0.1449 acc:0.9669
INFO:root:========= Testing: epoch[123/200] loss:0.1362 acc:0.9621
INFO:root:========= Testing: epoch[124/200] loss:0.1480 acc:0.9589
INFO:root:========= Testing: epoch[125/200] loss:0.1297 acc:0.9623
INFO:root:========= Testing: epoch[126/200] loss:0.1533 acc:0.9669
INFO:root:========= Testing: epoch[127/200] loss:0.1437 acc:0.9625
INFO:root:========= Testing: epoch[128/200] loss:0.1518 acc:0.9610
INFO:root:========= Testing: epoch[129/200] loss:0.1503 acc:0.9598
INFO:root:========= Testing: epoch[130/200] loss:0.1459 acc:0.9638
INFO:root:========= Testing: epoch[131/200] loss:0.1407 acc:0.9621
INFO:root:========= Testing: epoch[132/200] loss:0.1618 acc:0.9605
INFO:root:========= Testing: epoch[133/200] loss:0.1528 acc:0.9626
INFO:root:========= Testing: epoch[134/200] loss:0.1440 acc:0.9610
INFO:root:========= Testing: epoch[135/200] loss:0.1532 acc:0.9576
INFO:root:========= Testing: epoch[136/200] loss:0.1477 acc:0.9552
INFO:root:========= Testing: epoch[137/200] loss:0.1398 acc:0.9625
INFO:root:========= Testing: epoch[138/200] loss:0.1346 acc:0.9626
INFO:root:========= Testing: epoch[139/200] loss:0.1893 acc:0.9562
INFO:root:========= Testing: epoch[140/200] loss:0.1483 acc:0.9593
INFO:root:========= Testing: epoch[141/200] loss:0.1607 acc:0.9542
INFO:root:========= Testing: epoch[142/200] loss:0.1504 acc:0.9568
INFO:root:========= Testing: epoch[143/200] loss:0.1515 acc:0.9616
INFO:root:========= Testing: epoch[144/200] loss:0.1516 acc:0.9612
INFO:root:========= Testing: epoch[145/200] loss:0.1484 acc:0.9610
INFO:root:========= Testing: epoch[146/200] loss:0.1423 acc:0.9638
INFO:root:========= Testing: epoch[147/200] loss:0.1392 acc:0.9641
INFO:root:========= Testing: epoch[148/200] loss:0.1513 acc:0.9603
INFO:root:========= Testing: epoch[149/200] loss:0.1578 acc:0.9581
INFO:root:========= Testing: epoch[150/200] loss:0.1418 acc:0.9608
INFO:root:========= Testing: epoch[151/200] loss:0.1380 acc:0.9660
INFO:root:========= Testing: epoch[152/200] loss:0.1364 acc:0.9615
INFO:root:========= Testing: epoch[153/200] loss:0.1510 acc:0.9610
INFO:root:========= Testing: epoch[154/200] loss:0.1283 acc:0.9606
INFO:root:========= Testing: epoch[155/200] loss:0.1351 acc:0.9589
INFO:root:========= Testing: epoch[156/200] loss:0.1650 acc:0.9623
INFO:root:========= Testing: epoch[157/200] loss:0.1397 acc:0.9604
INFO:root:========= Testing: epoch[158/200] loss:0.1437 acc:0.9616
INFO:root:========= Testing: epoch[159/200] loss:0.1338 acc:0.9611
INFO:root:========= Testing: epoch[160/200] loss:0.1277 acc:0.9606
INFO:root:========= Testing: epoch[161/200] loss:0.1475 acc:0.9625
INFO:root:========= Testing: epoch[162/200] loss:0.1411 acc:0.9631
INFO:root:========= Testing: epoch[163/200] loss:0.1512 acc:0.9657
INFO:root:========= Testing: epoch[164/200] loss:0.1344 acc:0.9597
INFO:root:========= Testing: epoch[165/200] loss:0.1509 acc:0.9601
INFO:root:========= Testing: epoch[166/200] loss:0.1385 acc:0.9621
INFO:root:========= Testing: epoch[167/200] loss:0.1364 acc:0.9638
INFO:root:========= Testing: epoch[168/200] loss:0.1426 acc:0.9647
INFO:root:========= Testing: epoch[169/200] loss:0.1609 acc:0.9584
INFO:root:========= Testing: epoch[170/200] loss:0.1561 acc:0.9640
INFO:root:========= Testing: epoch[171/200] loss:0.1369 acc:0.9660
INFO:root:========= Testing: epoch[172/200] loss:0.1463 acc:0.9640
INFO:root:========= Testing: epoch[173/200] loss:0.1327 acc:0.9628
INFO:root:========= Testing: epoch[174/200] loss:0.1441 acc:0.9618
INFO:root:========= Testing: epoch[175/200] loss:0.1449 acc:0.9643
INFO:root:========= Testing: epoch[176/200] loss:0.1415 acc:0.9633
INFO:root:========= Testing: epoch[177/200] loss:0.1512 acc:0.9610
INFO:root:========= Testing: epoch[178/200] loss:0.1683 acc:0.9580
INFO:root:========= Testing: epoch[179/200] loss:0.1496 acc:0.9633
INFO:root:========= Testing: epoch[180/200] loss:0.1439 acc:0.9618
INFO:root:========= Testing: epoch[181/200] loss:0.1466 acc:0.9623
INFO:root:========= Testing: epoch[182/200] loss:0.1370 acc:0.9589
INFO:root:========= Testing: epoch[183/200] loss:0.1566 acc:0.9607
INFO:root:========= Testing: epoch[184/200] loss:0.1438 acc:0.9657
INFO:root:========= Testing: epoch[185/200] loss:0.1669 acc:0.9605
INFO:root:========= Testing: epoch[186/200] loss:0.1723 acc:0.9563
INFO:root:========= Testing: epoch[187/200] loss:0.1766 acc:0.9630
INFO:root:========= Testing: epoch[188/200] loss:0.1517 acc:0.9584
INFO:root:========= Testing: epoch[189/200] loss:0.1489 acc:0.9659
INFO:root:========= Testing: epoch[190/200] loss:0.1642 acc:0.9596
INFO:root:========= Testing: epoch[191/200] loss:0.1489 acc:0.9640
INFO:root:========= Testing: epoch[192/200] loss:0.1492 acc:0.9576
INFO:root:========= Testing: epoch[193/200] loss:0.1506 acc:0.9625
INFO:root:========= Testing: epoch[194/200] loss:0.1593 acc:0.9610
INFO:root:========= Testing: epoch[195/200] loss:0.1682 acc:0.9613
INFO:root:========= Testing: epoch[196/200] loss:0.1538 acc:0.9635
INFO:root:========= Testing: epoch[197/200] loss:0.1501 acc:0.9628
INFO:root:========= Testing: epoch[198/200] loss:0.1351 acc:0.9646
INFO:root:========= Testing: epoch[199/200] loss:0.1398 acc:0.9657
Training torch.Size([10000, 1, 40, 40]) torch.Size([10000])
Testing torch.Size([2000, 1, 40, 40]) torch.Size([2000])
Train batch_nb:157
Test batch_nb:16
